This is dvips(k) 5.997 Copyright 2017 Radical Eye Software (www.radicaleye.com)
' TeX output 2020.02.26:0052' -> Statistics.PAV.ps
</usr/share/texlive/texmf-dist/dvips/base/tex.pro><./Statistics.PAV.out.ps>
</usr/share/texmf/fonts/enc/dvips/cm-super/cm-super-t2a.enc>
</usr/share/texlive/texmf-dist/dvips/base/texps.pro>
</usr/share/texlive/texmf-dist/dvips/base/special.pro>
</usr/share/texlive/texmf-dist/dvips/base/color.pro>. 
</usr/share/texlive/texmf-dist/fonts/type1/public/amsfonts/cm/cmmi12.pfb>
</usr/share/texlive/texmf-dist/fonts/type1/public/amsfonts/symbols/msam5.pfb>
</usr/share/texlive/texmf-dist/fonts/type1/public/amsfonts/cm/cmmib10.pfb>
</usr/share/texlive/texmf-dist/fonts/type1/public/amsfonts/euler/eufm10.pfb>
</usr/share/texlive/texmf-dist/fonts/type1/public/rsfs/rsfs7.pfb>
</usr/share/texmf/fonts/type1/public/cm-super/sfti0700.pfb>
</usr/share/texmf/fonts/type1/public/cm-super/sfbx0800.pfb>
</usr/share/texmf/fonts/type1/public/cm-super/sfrm0500.pfb>
</usr/share/texlive/texmf-dist/fonts/type1/public/amsfonts/symbols/msbm7.pfb>
</usr/share/texlive/texmf-dist/fonts/type1/public/amsfonts/cmextra/cmex7.pfb>
</usr/share/texlive/texmf-dist/fonts/type1/public/amsfonts/symbols/msam7.pfb>
</usr/share/texlive/texmf-dist/fonts/type1/public/amsfonts/cm/cmsy5.pfb>
</usr/share/texmf/fonts/type1/public/cm-super/sfrm0900.pfb>
</usr/share/texlive/texmf-dist/fonts/type1/public/amsfonts/cm/cmss8.pfb>
</usr/share/texlive/texmf-dist/fonts/type1/public/amsfonts/cm/cmr8.pfb>
</usr/share/texlive/texmf-dist/fonts/type1/public/amsfonts/cm/cmmi6.pfb>
</usr/share/texlive/texmf-dist/fonts/type1/public/amsfonts/cm/cmmi8.pfb>
</usr/share/texlive/texmf-dist/fonts/type1/public/rsfs/rsfs10.pfb>
</usr/share/texlive/texmf-dist/fonts/type1/public/amsfonts/cm/cmmi5.pfb>
</usr/share/texlive/texmf-dist/fonts/type1/public/amsfonts/cm/cmr5.pfb>
</usr/share/texlive/texmf-dist/fonts/type1/public/amsfonts/symbols/msbm10.pfb>
</usr/share/texlive/texmf-dist/fonts/type1/public/amsfonts/cm/cmss10.pfb>
</usr/share/texmf/fonts/type1/public/cm-super/sfti0800.pfb>
</usr/share/texlive/texmf-dist/fonts/type1/public/amsfonts/symbols/msam10.pfb>
</usr/share/texlive/texmf-dist/fonts/type1/public/amsfonts/cm/cmex10.pfb>
</usr/share/texlive/texmf-dist/fonts/type1/public/amsfonts/cm/cmsy7.pfb>
</usr/share/texlive/texmf-dist/fonts/type1/public/amsfonts/cm/cmbx10.pfb>
</usr/share/texlive/texmf-dist/fonts/type1/public/amsfonts/cm/cmmi7.pfb>
</usr/share/texlive/texmf-dist/fonts/type1/public/amsfonts/cm/cmr10.pfb>
</usr/share/texlive/texmf-dist/fonts/type1/public/amsfonts/cm/cmsy10.pfb>
</usr/share/texmf/fonts/type1/public/cm-super/sfsx1200.pfb>
</usr/share/texmf/fonts/type1/public/cm-super/sfrm0700.pfb>
</usr/share/texmf/fonts/type1/public/cm-super/sfrm0600.pfb>
</usr/share/texmf/fonts/type1/public/cm-super/sftt0800.pfb>
</usr/share/texmf/fonts/type1/public/cm-super/sfrm0800.pfb>
</usr/share/texmf/fonts/type1/public/cm-super/sfti1000.pfb>
</usr/share/texmf/fonts/type1/public/cm-super/sfxc1000.pfb>
</usr/share/texlive/texmf-dist/fonts/type1/public/amsfonts/cm/cmr7.pfb>
</usr/share/texlive/texmf-dist/fonts/type1/public/amsfonts/cm/cmmi10.pfb>
</usr/share/texmf/fonts/type1/public/cm-super/sfrm1000.pfb>
</usr/share/texmf/fonts/type1/public/cm-super/sfbx1000.pfb>
</usr/share/texmf/fonts/type1/public/cm-super/sfsx1728.pfb>
</usr/share/texmf/fonts/type1/public/cm-super/sfrm1200.pfb>
</usr/share/texmf/fonts/type1/public/cm-super/sfss1200.pfb>
</usr/share/texmf/fonts/type1/public/cm-super/sfsx2488.pfb>
</usr/share/texmf/fonts/type1/public/cm-super/sfrm1440.pfb>[1
</usr/share/texmf/tex/dmvn/mmlogo.2>] [2] [3] [4] [5] [6] [7] [8] [9] [10] 
[11] [12] [13] [14] [15] [16] [17] [18] [19] [20] [21] [22] [23] [24] [25] 
[26] [27] [28] [29] [30] [31] [32] [33] [34] [35] [36] [37] [38] [39] [40] 
[41] [42] [43] [44] [45] [46] [47] [48] [49] [50] [51] [52] [53] 
