This is XeTeX, Version 3.14159265-2.6-0.99998 (TeX Live 2017/Debian) (preloaded format=xelatex)
 restricted \write18 enabled.
 Source specials enabled.
entering extended mode
(./EP.ODE.ZVM.tex
LaTeX2e <2017-04-15>
Babel <3.18> and hyphenation patterns for 84 language(s) loaded.
(/usr/share/texlive/texmf-dist/tex/latex/base/article.cls
Document Class: article 2014/09/29 v1.4h Standard LaTeX document class
(/usr/share/texlive/texmf-dist/tex/latex/base/size10.clo))
(/usr/share/texmf/tex/dmvn/dmvn.sty (/usr/share/texmf/tex/dmvn/dmvnbase.sty
(/usr/share/texlive/texmf-dist/tex/latex/amsfonts/amssymb.sty
(/usr/share/texlive/texmf-dist/tex/latex/amsfonts/amsfonts.sty))
(/usr/share/texlive/texmf-dist/tex/latex/amsmath/amsmath.sty
For additional information on amsmath, use the `?' option.
(/usr/share/texlive/texmf-dist/tex/latex/amsmath/amstext.sty
(/usr/share/texlive/texmf-dist/tex/latex/amsmath/amsgen.sty))
(/usr/share/texlive/texmf-dist/tex/latex/amsmath/amsbsy.sty)
(/usr/share/texlive/texmf-dist/tex/latex/amsmath/amsopn.sty))
(/usr/share/texlive/texmf-dist/tex/latex/jknapltx/mathrsfs.sty)
(/usr/share/texlive/texmf-dist/tex/latex/etoolbox/etoolbox.sty))
(/usr/share/texmf/tex/dmvn/dmvnindex.sty)
(/usr/share/texlive/texmf-dist/tex/generic/epsf/epsf.sty
This is `epsf.tex' v2.7.4 <14 February 2011>
) Enable UTF-8 mode (/usr/share/texlive/texmf-dist/tex/latex/base/fontenc.sty
(/usr/share/texlive/texmf-dist/tex/latex/cyrillic/t2aenc.def)
(/usr/share/texlive/texmf-dist/tex/latex/cyrillic/t2acmr.fd)

LaTeX Font Warning: Font shape `T2A/lmr/m/n' undefined
(Font)              using `T2A/cmr/m/n' instead on input line 105.

) (/usr/share/texlive/texmf-dist/tex/latex/base/inputenc.sty

Package inputenc Warning: inputenc package ignored with utf8 based engines.

) (/usr/share/texlive/texmf-dist/tex/generic/babel/babel.sty
(/usr/share/texlive/texmf-dist/tex/generic/babel/switch.def)
(/usr/share/texlive/texmf-dist/tex/generic/babel-russian/russianb.ldf
(/usr/share/texlive/texmf-dist/tex/generic/babel/babel.def
(/usr/share/texlive/texmf-dist/tex/generic/babel/xebabel.def
(/usr/share/texlive/texmf-dist/tex/generic/babel/txtbabel.def)))))
(/usr/share/texmf/tex/dmvn/dmvnutf.sty) (/usr/share/texmf/tex/dmvn/diagram.tex)
) (/usr/share/texmf/tex/dmvn/dmvnadd.sty
(/usr/share/texlive/texmf-dist/tex/latex/tools/xspace.sty))
No file EP.ODE.ZVM.aux.
(/usr/share/texlive/texmf-dist/tex/latex/amsfonts/umsa.fd)
(/usr/share/texlive/texmf-dist/tex/latex/amsfonts/umsb.fd)
(/usr/share/texlive/texmf-dist/tex/latex/jknapltx/ursfs.fd)

LaTeX Font Warning: Font shape `T2A/lmr/bx/n' undefined
(Font)              using `T2A/lmr/m/n' instead on input line 11.

[1]
Underfull \hbox (badness 10000) in paragraph at lines 188--192
[][]   \T2A/lmr/bx/n/10 ,   .    -
[2]

LaTeX Font Warning: Font shape `T2A/lmr/m/it' undefined
(Font)              using `T2A/lmr/m/n' instead on input line 279.

[3] (./EP.ODE.ZVM.aux (/usr/share/texmf/tex/latex/lm/ot1lmr.fd))

LaTeX Font Warning: Some font shapes were not available, defaults substituted.


LaTeX Warning: Label(s) may have changed. Rerun to get cross-references right.

 )
(see the transcript file for additional information)
Output written on EP.ODE.ZVM.pdf (3 pages).
Transcript written on EP.ODE.ZVM.log.
