This is pdfTeX, Version 3.14159265-2.6-1.40.18 (TeX Live 2017/Debian) (preloaded format=pdflatex)
 restricted \write18 enabled.
 Source specials enabled.
entering extended mode
(./EP.PDE.FAM.tex
LaTeX2e <2017-04-15>
Babel <3.18> and hyphenation patterns for 84 language(s) loaded.
(/usr/share/texlive/texmf-dist/tex/latex/base/article.cls
Document Class: article 2014/09/29 v1.4h Standard LaTeX document class
(/usr/share/texlive/texmf-dist/tex/latex/base/size12.clo))
(/usr/share/texlive/texmf-dist/tex/latex/base/inputenc.sty
(/usr/share/texlive/texmf-dist/tex/latex/cyrillic/cp1251.def))
(/usr/share/texlive/texmf-dist/tex/generic/babel/babel.sty
(/usr/share/texlive/texmf-dist/tex/generic/babel/switch.def)
(/usr/share/texlive/texmf-dist/tex/generic/babel-russian/russianb.ldf
(/usr/share/texlive/texmf-dist/tex/generic/babel/babel.def
(/usr/share/texlive/texmf-dist/tex/generic/babel/txtbabel.def))

Package babel Warning: No Cyrillic font encoding has been loaded so far.
(babel)                A font encoding should be declared before babel.
(babel)                Default `T2A' encoding will be loaded  on input line 74.


(/usr/share/texlive/texmf-dist/tex/latex/cyrillic/t2aenc.def)))
(/usr/share/texlive/texmf-dist/tex/latex/amsfonts/amsfonts.sty)
(./EP.PDE.FAM.aux (/usr/share/texlive/texmf-dist/tex/latex/cyrillic/t2acmr.fd))
(/usr/share/texlive/texmf-dist/tex/latex/amsfonts/umsa.fd)
(/usr/share/texlive/texmf-dist/tex/latex/amsfonts/umsb.fd) [1{/var/lib/texmf/fo
nts/map/pdftex/updmap/pdftex.map}]
(/usr/share/texlive/texmf-dist/tex/latex/amsfonts/ueuf.fd) [2] [3]
(./EP.PDE.FAM.aux) ){/usr/share/texmf/fonts/enc/dvips/cm-super/cm-super-t2a.enc
}</usr/share/texlive/texmf-dist/fonts/type1/public/amsfonts/cm/cmex10.pfb></usr
/share/texlive/texmf-dist/fonts/type1/public/amsfonts/cm/cmmi12.pfb></usr/share
/texlive/texmf-dist/fonts/type1/public/amsfonts/cm/cmmi8.pfb></usr/share/texliv
e/texmf-dist/fonts/type1/public/amsfonts/cm/cmr12.pfb></usr/share/texlive/texmf
-dist/fonts/type1/public/amsfonts/cm/cmr8.pfb></usr/share/texlive/texmf-dist/fo
nts/type1/public/amsfonts/cm/cmsy10.pfb></usr/share/texlive/texmf-dist/fonts/ty
pe1/public/amsfonts/euler/eufm10.pfb></usr/share/texlive/texmf-dist/fonts/type1
/public/amsfonts/symbols/msbm10.pfb></usr/share/texmf/fonts/type1/public/cm-sup
er/sfbx1200.pfb></usr/share/texmf/fonts/type1/public/cm-super/sfbx1728.pfb></us
r/share/texmf/fonts/type1/public/cm-super/sfrm1200.pfb></usr/share/texmf/fonts/
type1/public/cm-super/sfsl1200.pfb></usr/share/texmf/fonts/type1/public/cm-supe
r/sfti1200.pfb>
Output written on EP.PDE.FAM.pdf (3 pages, 150665 bytes).
Transcript written on EP.PDE.FAM.log.
