Latexmk: This is Latexmk, John Collins, 26 Dec. 2019, version: 4.67.
Rule 'latex': File changes, etc:
   Changed files, or newly in use since previous run(s):
      '/usr/share/texlive/texmf-dist/fonts/map/fontname/texfonts.map'
      '/usr/share/texlive/texmf-dist/tex/generic/babel/babel.def'
      '/usr/share/texlive/texmf-dist/tex/generic/babel/babel.sty'
      '/usr/share/texlive/texmf-dist/tex/generic/babel/switch.def'
      '/usr/share/texlive/texmf-dist/tex/generic/babel/txtbabel.def'
      '/usr/share/texlive/texmf-dist/tex/latex/amsmath/amsbsy.sty'
      '/usr/share/texlive/texmf-dist/tex/latex/amsmath/amsgen.sty'
      '/usr/share/texlive/texmf-dist/tex/latex/amsmath/amsmath.sty'
      '/usr/share/texlive/texmf-dist/tex/latex/amsmath/amsopn.sty'
      '/usr/share/texlive/texmf-dist/tex/latex/amsmath/amstext.sty'
      '/usr/share/texlive/texmf-dist/tex/latex/base/article.cls'
      '/usr/share/texlive/texmf-dist/tex/latex/base/fontenc.sty'
      '/usr/share/texlive/texmf-dist/tex/latex/base/inputenc.sty'
      '/usr/share/texlive/texmf-dist/tex/latex/base/size10.clo'
      '/usr/share/texlive/texmf-dist/tex/latex/cyrillic/cp1251.def'
      '/usr/share/texlive/texmf-dist/tex/latex/cyrillic/t2acmr.fd'
      '/usr/share/texlive/texmf-dist/tex/latex/cyrillic/t2acmss.fd'
      '/usr/share/texlive/texmf-dist/tex/latex/cyrillic/t2acmtt.fd'
      '/usr/share/texlive/texmf-dist/tex/latex/cyrillic/t2aenc.def'
      '/usr/share/texlive/texmf-dist/tex/latex/etoolbox/etoolbox.sty'
      '/usr/share/texlive/texmf-dist/tex/latex/tools/xspace.sty'
      '/usr/share/texlive/texmf-dist/web2c/texmf.cnf'
      '/usr/share/texmf/web2c/texmf.cnf'
      '/var/lib/texmf/web2c/pdftex/latex.fmt'
   No-longer-existing files:
      '/home/xapulc/.texlive2017/texmf-var/fonts/tfm/lh/lh-t2a/labx1000.tfm'
      '/home/xapulc/.texlive2017/texmf-var/fonts/tfm/lh/lh-t2a/labx1200.tfm'
      '/home/xapulc/.texlive2017/texmf-var/fonts/tfm/lh/lh-t2a/labx1728.tfm'
      '/home/xapulc/.texlive2017/texmf-var/fonts/tfm/lh/lh-t2a/labx2488.tfm'
      '/home/xapulc/.texlive2017/texmf-var/fonts/tfm/lh/lh-t2a/larm0500.tfm'
      '/home/xapulc/.texlive2017/texmf-var/fonts/tfm/lh/lh-t2a/larm0600.tfm'
      '/home/xapulc/.texlive2017/texmf-var/fonts/tfm/lh/lh-t2a/larm0700.tfm'
      '/home/xapulc/.texlive2017/texmf-var/fonts/tfm/lh/lh-t2a/larm0800.tfm'
      '/home/xapulc/.texlive2017/texmf-var/fonts/tfm/lh/lh-t2a/larm0900.tfm'
      '/home/xapulc/.texlive2017/texmf-var/fonts/tfm/lh/lh-t2a/larm1000.tfm'
      '/home/xapulc/.texlive2017/texmf-var/fonts/tfm/lh/lh-t2a/larm1200.tfm'
      '/home/xapulc/.texlive2017/texmf-var/fonts/tfm/lh/lh-t2a/larm1440.tfm'
      '/home/xapulc/.texlive2017/texmf-var/fonts/tfm/lh/lh-t2a/larm1728.tfm'
      '/home/xapulc/.texlive2017/texmf-var/fonts/tfm/lh/lh-t2a/larm2488.tfm'
      '/home/xapulc/.texlive2017/texmf-var/fonts/tfm/lh/lh-t2a/lass1200.tfm'
      '/home/xapulc/.texlive2017/texmf-var/fonts/tfm/lh/lh-t2a/lasx1200.tfm'
      '/home/xapulc/.texlive2017/texmf-var/fonts/tfm/lh/lh-t2a/lasx1728.tfm'
      '/home/xapulc/.texlive2017/texmf-var/fonts/tfm/lh/lh-t2a/lasx2488.tfm'
      '/home/xapulc/.texlive2017/texmf-var/fonts/tfm/lh/lh-t2a/lati1000.tfm'
      '/home/xapulc/.texlive2017/texmf-var/fonts/tfm/lh/lh-t2a/latt0800.tfm'
      '/home/xapulc/.texlive2017/texmf-var/fonts/tfm/lh/lh-t2a/laxc1000.tfm'
------------
Run number 1 of rule 'latex'
------------
------------
Running 'latex  --src-specials --interaction=nonstopmode -recorder  "DGT.GSM.tex"'
------------
Latexmk: applying rule 'latex'...
This is pdfTeX, Version 3.14159265-2.6-1.40.20 (TeX Live 2019/Debian) (preloaded format=latex)
 restricted \write18 enabled.
 Source specials enabled.
entering extended mode
(./DGT.GSM.tex
LaTeX2e <2020-02-02> patch level 2
L3 programming layer <2020-02-14>
(/usr/share/texlive/texmf-dist/tex/latex/base/article.cls
Document Class: article 2019/12/20 v1.4l Standard LaTeX document class
(/usr/share/texlive/texmf-dist/tex/latex/base/size10.clo))
(/usr/share/texmf/tex/dmvn/dmvn.sty (/usr/share/texmf/tex/dmvn/dmvnbase.sty
(/usr/share/texlive/texmf-dist/tex/latex/amsfonts/amssymb.sty
(/usr/share/texlive/texmf-dist/tex/latex/amsfonts/amsfonts.sty))
(/usr/share/texlive/texmf-dist/tex/latex/amsmath/amsmath.sty
For additional information on amsmath, use the `?' option.
(/usr/share/texlive/texmf-dist/tex/latex/amsmath/amstext.sty
(/usr/share/texlive/texmf-dist/tex/latex/amsmath/amsgen.sty))
(/usr/share/texlive/texmf-dist/tex/latex/amsmath/amsbsy.sty)
(/usr/share/texlive/texmf-dist/tex/latex/amsmath/amsopn.sty))
(/usr/share/texlive/texmf-dist/tex/latex/jknapltx/mathrsfs.sty)
(/usr/share/texlive/texmf-dist/tex/latex/etoolbox/etoolbox.sty))
(/usr/share/texmf/tex/dmvn/dmvnindex.sty)
(/usr/share/texlive/texmf-dist/tex/generic/epsf/epsf.sty
This is `epsf.tex' v2.7.4 <14 February 2011>
) (/usr/share/texlive/texmf-dist/tex/latex/base/fontenc.sty
(/usr/share/texlive/texmf-dist/tex/latex/cyrillic/t2aenc.def
(/usr/share/texlive/texmf-dist/tex/latex/base/t2aenc.dfu))
(/usr/share/texlive/texmf-dist/tex/latex/cyrillic/t2acmr.fd))
(/usr/share/texlive/texmf-dist/tex/latex/base/inputenc.sty
(/usr/share/texlive/texmf-dist/tex/latex/cyrillic/cp1251.def))
(/usr/share/texlive/texmf-dist/tex/generic/babel/babel.sty
(/usr/share/texlive/texmf-dist/tex/generic/babel/switch.def)
(/usr/share/texlive/texmf-dist/tex/generic/babel-russian/russianb.ldf
(/usr/share/texlive/texmf-dist/tex/generic/babel/babel.def
(/usr/share/texlive/texmf-dist/tex/generic/babel/txtbabel.def))))
(/usr/share/texmf/tex/dmvn/dmvnwin.sty (/usr/share/texmf/tex/dmvn/russlh.sty
(/usr/share/texlive/texmf-dist/tex/latex/cyrillic/t2aenc.def)))
(/usr/share/texmf/tex/dmvn/dmvnwinrc.sty
(/usr/share/texlive/texmf-dist/tex/latex/tools/xspace.sty))
(/usr/share/texmf/tex/dmvn/diagram.tex))
(/usr/share/texlive/texmf-dist/tex/latex/l3backend/l3backend-dvips.def)
(./DGT.GSM.aux)
(mmlogo.2
)
(/usr/share/texlive/texmf-dist/tex/latex/cyrillic/t2acmss.fd) [1]
(./DGT.GSM.toc (/usr/share/texlive/texmf-dist/tex/latex/amsfonts/umsa.fd)
(/usr/share/texlive/texmf-dist/tex/latex/amsfonts/umsb.fd)
(/usr/share/texlive/texmf-dist/tex/latex/jknapltx/ursfs.fd)) [2]
(/usr/share/texlive/texmf-dist/tex/latex/cyrillic/t2acmtt.fd) [3] [4] [5]
[6] [7] [8] [9] [10] [11] [12] [13] [14] [15] [16] [17] [18] [19] [20] [21]
[22] [23] [24] [25] [26] [27] [28] [29] [30] [31] [32] [33] [34] (./DGT.GSM.aux
) )
(see the transcript file for additional information)
Output written on DGT.GSM.dvi (34 pages, 342776 bytes).
Transcript written on DGT.GSM.log.
Latexmk: Log file says output to 'DGT.GSM.dvi'
Rule 'latex': File changes, etc:
   Changed files, or newly in use since previous run(s):
      'DGT.GSM.aux'
      'DGT.GSM.toc'
------------
Run number 2 of rule 'latex'
------------
------------
Running 'latex  --src-specials --interaction=nonstopmode -recorder  "DGT.GSM.tex"'
------------
=== TeX engine is 'pdfTeX'
Latexmk: applying rule 'latex'...
This is pdfTeX, Version 3.14159265-2.6-1.40.20 (TeX Live 2019/Debian) (preloaded format=latex)
 restricted \write18 enabled.
 Source specials enabled.
entering extended mode
(./DGT.GSM.tex
LaTeX2e <2020-02-02> patch level 2
L3 programming layer <2020-02-14>
(/usr/share/texlive/texmf-dist/tex/latex/base/article.cls
Document Class: article 2019/12/20 v1.4l Standard LaTeX document class
(/usr/share/texlive/texmf-dist/tex/latex/base/size10.clo))
(/usr/share/texmf/tex/dmvn/dmvn.sty (/usr/share/texmf/tex/dmvn/dmvnbase.sty
(/usr/share/texlive/texmf-dist/tex/latex/amsfonts/amssymb.sty
(/usr/share/texlive/texmf-dist/tex/latex/amsfonts/amsfonts.sty))
(/usr/share/texlive/texmf-dist/tex/latex/amsmath/amsmath.sty
For additional information on amsmath, use the `?' option.
(/usr/share/texlive/texmf-dist/tex/latex/amsmath/amstext.sty
(/usr/share/texlive/texmf-dist/tex/latex/amsmath/amsgen.sty))
(/usr/share/texlive/texmf-dist/tex/latex/amsmath/amsbsy.sty)
(/usr/share/texlive/texmf-dist/tex/latex/amsmath/amsopn.sty))
(/usr/share/texlive/texmf-dist/tex/latex/jknapltx/mathrsfs.sty)
(/usr/share/texlive/texmf-dist/tex/latex/etoolbox/etoolbox.sty))
(/usr/share/texmf/tex/dmvn/dmvnindex.sty)
(/usr/share/texlive/texmf-dist/tex/generic/epsf/epsf.sty
This is `epsf.tex' v2.7.4 <14 February 2011>
) (/usr/share/texlive/texmf-dist/tex/latex/base/fontenc.sty
(/usr/share/texlive/texmf-dist/tex/latex/cyrillic/t2aenc.def
(/usr/share/texlive/texmf-dist/tex/latex/base/t2aenc.dfu))
(/usr/share/texlive/texmf-dist/tex/latex/cyrillic/t2acmr.fd))
(/usr/share/texlive/texmf-dist/tex/latex/base/inputenc.sty
(/usr/share/texlive/texmf-dist/tex/latex/cyrillic/cp1251.def))
(/usr/share/texlive/texmf-dist/tex/generic/babel/babel.sty
(/usr/share/texlive/texmf-dist/tex/generic/babel/switch.def)
(/usr/share/texlive/texmf-dist/tex/generic/babel-russian/russianb.ldf
(/usr/share/texlive/texmf-dist/tex/generic/babel/babel.def
(/usr/share/texlive/texmf-dist/tex/generic/babel/txtbabel.def))))
(/usr/share/texmf/tex/dmvn/dmvnwin.sty (/usr/share/texmf/tex/dmvn/russlh.sty
(/usr/share/texlive/texmf-dist/tex/latex/cyrillic/t2aenc.def)))
(/usr/share/texmf/tex/dmvn/dmvnwinrc.sty
(/usr/share/texlive/texmf-dist/tex/latex/tools/xspace.sty))
(/usr/share/texmf/tex/dmvn/diagram.tex))
(/usr/share/texlive/texmf-dist/tex/latex/l3backend/l3backend-dvips.def)
(./DGT.GSM.aux)
(mmlogo.2
)
(/usr/share/texlive/texmf-dist/tex/latex/cyrillic/t2acmss.fd) [1]
(./DGT.GSM.toc (/usr/share/texlive/texmf-dist/tex/latex/amsfonts/umsa.fd)
(/usr/share/texlive/texmf-dist/tex/latex/amsfonts/umsb.fd)
(/usr/share/texlive/texmf-dist/tex/latex/jknapltx/ursfs.fd)) [2]
(/usr/share/texlive/texmf-dist/tex/latex/cyrillic/t2acmtt.fd) [3] [4] [5]
[6] [7] [8] [9] [10] [11] [12] [13] [14] [15] [16] [17] [18] [19] [20] [21]
[22] [23] [24] [25] [26] [27] [28] [29] [30] [31] [32] [33] [34] (./DGT.GSM.aux
) )
(see the transcript file for additional information)
Output written on DGT.GSM.dvi (34 pages, 342776 bytes).
Transcript written on DGT.GSM.log.
Latexmk: Log file says output to 'DGT.GSM.dvi'
Latexmk: Summary of warnings from last run of (pdf)latex:
  =====Latex reported missing or unavailable character(s).
=====See log file for details.
=== TeX engine is 'pdfTeX'
Latexmk: All targets () are up-to-date
