This is dvips(k) 5.997 Copyright 2017 Radical Eye Software (www.radicaleye.com)
' TeX output 2020.05.30:1014' -> PR.ODE.AVI.book.ps
</usr/share/texlive/texmf-dist/dvips/base/tex.pro>
</usr/share/texmf/fonts/enc/dvips/cm-super/cm-super-t2a.enc>
</usr/share/texlive/texmf-dist/dvips/base/texps.pro>. 
</usr/share/texlive/texmf-dist/fonts/type1/public/amsfonts/cm/cmmi5.pfb>
</usr/share/texlive/texmf-dist/fonts/type1/public/amsfonts/cm/cmr5.pfb>
</usr/share/texlive/texmf-dist/fonts/type1/public/amsfonts/cm/cmr7.pfb>
</usr/share/texlive/texmf-dist/fonts/type1/public/amsfonts/cm/cmmi7.pfb>
</usr/share/texlive/texmf-dist/fonts/type1/public/amsfonts/cm/cmex10.pfb>
</usr/share/texlive/texmf-dist/fonts/type1/public/amsfonts/symbols/msbm10.pfb>
</usr/share/texlive/texmf-dist/fonts/type1/public/amsfonts/cm/cmr10.pfb>
</usr/share/texlive/texmf-dist/fonts/type1/public/amsfonts/cm/cmsy7.pfb>
</usr/share/texlive/texmf-dist/fonts/type1/public/amsfonts/cm/cmbx10.pfb>
</usr/share/texmf/fonts/type1/public/cm-super/sfrm1000.pfb>
</usr/share/texlive/texmf-dist/fonts/type1/public/amsfonts/symbols/msam10.pfb>
</usr/share/texlive/texmf-dist/fonts/type1/public/amsfonts/cm/cmsy10.pfb>
</usr/share/texlive/texmf-dist/fonts/type1/public/amsfonts/cm/cmmi10.pfb>
</usr/share/texmf/fonts/type1/public/cm-super/sfti1000.pfb>
</usr/share/texmf/fonts/type1/public/cm-super/sfbx1000.pfb>
</usr/share/texmf/fonts/type1/public/cm-super/sfbx1440.pfb>[1] [2] 
