This is pdfTeX, Version 3.14159265-2.6-1.40.18 (TeX Live 2017/Debian) (preloaded format=pdflatex)
 restricted \write18 enabled.
 Source specials enabled.
entering extended mode
(./CW.PDE.STA.tex
LaTeX2e <2017-04-15>
Babel <3.18> and hyphenation patterns for 84 language(s) loaded.
(/usr/share/texlive/texmf-dist/tex/latex/base/article.cls
Document Class: article 2014/09/29 v1.4h Standard LaTeX document class
(/usr/share/texlive/texmf-dist/tex/latex/base/size10.clo))
(/usr/share/texmf/tex/dmvn/dmvn.sty (/usr/share/texmf/tex/dmvn/dmvnbase.sty
(/usr/share/texlive/texmf-dist/tex/latex/amsfonts/amssymb.sty
(/usr/share/texlive/texmf-dist/tex/latex/amsfonts/amsfonts.sty))
(/usr/share/texlive/texmf-dist/tex/latex/amsmath/amsmath.sty
For additional information on amsmath, use the `?' option.
(/usr/share/texlive/texmf-dist/tex/latex/amsmath/amstext.sty
(/usr/share/texlive/texmf-dist/tex/latex/amsmath/amsgen.sty))
(/usr/share/texlive/texmf-dist/tex/latex/amsmath/amsbsy.sty)
(/usr/share/texlive/texmf-dist/tex/latex/amsmath/amsopn.sty))
(/usr/share/texlive/texmf-dist/tex/latex/jknapltx/mathrsfs.sty)
(/usr/share/texlive/texmf-dist/tex/latex/etoolbox/etoolbox.sty))
(/usr/share/texmf/tex/dmvn/dmvnindex.sty)
(/usr/share/texlive/texmf-dist/tex/generic/epsf/epsf.sty
This is `epsf.tex' v2.7.4 <14 February 2011>
) (/usr/share/texlive/texmf-dist/tex/latex/base/fontenc.sty
(/usr/share/texlive/texmf-dist/tex/latex/cyrillic/t2aenc.def)
(/usr/share/texlive/texmf-dist/tex/latex/cyrillic/t2acmr.fd))
(/usr/share/texlive/texmf-dist/tex/latex/base/inputenc.sty
(/usr/share/texlive/texmf-dist/tex/latex/cyrillic/cp1251.def))
(/usr/share/texlive/texmf-dist/tex/generic/babel/babel.sty
(/usr/share/texlive/texmf-dist/tex/generic/babel/switch.def)
(/usr/share/texlive/texmf-dist/tex/generic/babel-russian/russianb.ldf
(/usr/share/texlive/texmf-dist/tex/generic/babel/babel.def
(/usr/share/texlive/texmf-dist/tex/generic/babel/txtbabel.def))))
(/usr/share/texmf/tex/dmvn/dmvnwin.sty (/usr/share/texmf/tex/dmvn/russlh.sty
(/usr/share/texlive/texmf-dist/tex/latex/cyrillic/t2aenc.def)))
(/usr/share/texmf/tex/dmvn/dmvnwinrc.sty
(/usr/share/texlive/texmf-dist/tex/latex/tools/xspace.sty))
(/usr/share/texmf/tex/dmvn/diagram.tex)) (./CW.PDE.STA.aux) (./intro.tex
(/usr/share/texlive/texmf-dist/tex/latex/cyrillic/t2acmtt.fd)
(/usr/share/texlive/texmf-dist/tex/latex/amsfonts/umsa.fd)
(/usr/share/texlive/texmf-dist/tex/latex/amsfonts/umsb.fd)
(/usr/share/texlive/texmf-dist/tex/latex/jknapltx/ursfs.fd))
(./shaposhnikova_kontra_1_v1.tex
Underfull \hbox (badness 10000) in paragraph at lines 33--34

) [1{/var/lib/texmf/fonts/map/pdftex/updmap/pdftex.map}]
(./shaposhnikova_kontra_2_v2.tex
Underfull \hbox (badness 10000) in paragraph at lines 16--29


Underfull \hbox (badness 10000) in paragraph at lines 69--81


Underfull \hbox (badness 10000) in paragraph at lines 107--117

[2]) [3] (./shaposhnikova_test_25_03.tex) [4] (./shaposhnikova_kontra_3_v1.tex)
[5] (./CW.PDE.STA.aux) )
(see the transcript file for additional information){/usr/share/texmf/fonts/enc
/dvips/cm-super/cm-super-t2a.enc}</usr/share/texlive/texmf-dist/fonts/type1/pub
lic/amsfonts/cm/cmbx10.pfb></usr/share/texlive/texmf-dist/fonts/type1/public/am
sfonts/cm/cmex10.pfb></usr/share/texlive/texmf-dist/fonts/type1/public/amsfonts
/cm/cmmi10.pfb></usr/share/texlive/texmf-dist/fonts/type1/public/amsfonts/cm/cm
mi5.pfb></usr/share/texlive/texmf-dist/fonts/type1/public/amsfonts/cm/cmmi7.pfb
></usr/share/texlive/texmf-dist/fonts/type1/public/amsfonts/cm/cmr10.pfb></usr/
share/texlive/texmf-dist/fonts/type1/public/amsfonts/cm/cmr5.pfb></usr/share/te
xlive/texmf-dist/fonts/type1/public/amsfonts/cm/cmr7.pfb></usr/share/texlive/te
xmf-dist/fonts/type1/public/amsfonts/cm/cmsy10.pfb></usr/share/texlive/texmf-di
st/fonts/type1/public/amsfonts/cm/cmsy5.pfb></usr/share/texlive/texmf-dist/font
s/type1/public/amsfonts/cm/cmsy7.pfb></usr/share/texlive/texmf-dist/fonts/type1
/public/amsfonts/symbols/msam10.pfb></usr/share/texlive/texmf-dist/fonts/type1/
public/amsfonts/symbols/msbm10.pfb></usr/share/texlive/texmf-dist/fonts/type1/p
ublic/amsfonts/symbols/msbm7.pfb></usr/share/texlive/texmf-dist/fonts/type1/pub
lic/rsfs/rsfs10.pfb></usr/share/texmf/fonts/type1/public/cm-super/sfbx1000.pfb>
</usr/share/texmf/fonts/type1/public/cm-super/sfit1000.pfb></usr/share/texmf/fo
nts/type1/public/cm-super/sfrm0600.pfb></usr/share/texmf/fonts/type1/public/cm-
super/sfrm0800.pfb></usr/share/texmf/fonts/type1/public/cm-super/sfrm1000.pfb><
/usr/share/texmf/fonts/type1/public/cm-super/sfrm1440.pfb></usr/share/texmf/fon
ts/type1/public/cm-super/sfti1000.pfb></usr/share/texmf/fonts/type1/public/cm-s
uper/sftt0800.pfb>
Output written on CW.PDE.STA.pdf (5 pages, 337097 bytes).
Transcript written on CW.PDE.STA.log.
