Latexmk: This is Latexmk, John Collins, 1 January 2015, version: 4.41.
Rule 'latex': File changes, etc:
   Changed files, or newly in use since previous run(s):
      '/var/lib/texmf/web2c/pdftex/latex.fmt'
   No-longer-existing files:
      '/home/xapulc/.texlive2017/texmf-var/fonts/tfm/lh/lh-t2a/labx1000.tfm'
      '/home/xapulc/.texlive2017/texmf-var/fonts/tfm/lh/lh-t2a/larm1000.tfm'
      '/home/xapulc/.texlive2017/texmf-var/fonts/tfm/lh/lh-t2a/latt0800.tfm'
------------
Run number 1 of rule 'latex'
------------
------------
Running 'latex  --src-specials --interaction=nonstopmode -recorder  "EP.Statistics.PAV.tex"'
------------
Latexmk: applying rule 'latex'...
This is pdfTeX, Version 3.14159265-2.6-1.40.18 (TeX Live 2017/Debian) (preloaded format=latex)
 restricted \write18 enabled.
 Source specials enabled.
entering extended mode
(./EP.Statistics.PAV.tex
LaTeX2e <2017-04-15>
Babel <3.18> and hyphenation patterns for 84 language(s) loaded.
(/usr/share/texlive/texmf-dist/tex/latex/base/article.cls
Document Class: article 2014/09/29 v1.4h Standard LaTeX document class
(/usr/share/texlive/texmf-dist/tex/latex/base/size10.clo))
(/usr/share/texmf/tex/dmvn/dmvn.sty (/usr/share/texmf/tex/dmvn/dmvnbase.sty
(/usr/share/texlive/texmf-dist/tex/latex/amsfonts/amssymb.sty
(/usr/share/texlive/texmf-dist/tex/latex/amsfonts/amsfonts.sty))
(/usr/share/texlive/texmf-dist/tex/latex/amsmath/amsmath.sty
For additional information on amsmath, use the `?' option.
(/usr/share/texlive/texmf-dist/tex/latex/amsmath/amstext.sty
(/usr/share/texlive/texmf-dist/tex/latex/amsmath/amsgen.sty))
(/usr/share/texlive/texmf-dist/tex/latex/amsmath/amsbsy.sty)
(/usr/share/texlive/texmf-dist/tex/latex/amsmath/amsopn.sty))
(/usr/share/texlive/texmf-dist/tex/latex/jknapltx/mathrsfs.sty)
(/usr/share/texlive/texmf-dist/tex/latex/etoolbox/etoolbox.sty))
(/usr/share/texmf/tex/dmvn/dmvnindex.sty)
(/usr/share/texlive/texmf-dist/tex/generic/epsf/epsf.sty
This is `epsf.tex' v2.7.4 <14 February 2011>
) (/usr/share/texlive/texmf-dist/tex/latex/base/fontenc.sty
(/usr/share/texlive/texmf-dist/tex/latex/cyrillic/t2aenc.def)
(/usr/share/texlive/texmf-dist/tex/latex/cyrillic/t2acmr.fd))
(/usr/share/texlive/texmf-dist/tex/latex/base/inputenc.sty
(/usr/share/texlive/texmf-dist/tex/latex/cyrillic/cp1251.def))
(/usr/share/texlive/texmf-dist/tex/generic/babel/babel.sty
(/usr/share/texlive/texmf-dist/tex/generic/babel/switch.def)
(/usr/share/texlive/texmf-dist/tex/generic/babel-russian/russianb.ldf
(/usr/share/texlive/texmf-dist/tex/generic/babel/babel.def
(/usr/share/texlive/texmf-dist/tex/generic/babel/txtbabel.def))))
(/usr/share/texmf/tex/dmvn/dmvnwin.sty (/usr/share/texmf/tex/dmvn/russlh.sty
(/usr/share/texlive/texmf-dist/tex/latex/cyrillic/t2aenc.def)))
(/usr/share/texmf/tex/dmvn/dmvnwinrc.sty
(/usr/share/texlive/texmf-dist/tex/latex/tools/xspace.sty))
(/usr/share/texmf/tex/dmvn/diagram.tex)) (./EP.Statistics.PAV.aux)
(/usr/share/texlive/texmf-dist/tex/latex/amsfonts/umsa.fd)
(/usr/share/texlive/texmf-dist/tex/latex/amsfonts/umsb.fd)
(/usr/share/texlive/texmf-dist/tex/latex/jknapltx/ursfs.fd) [1]
(/usr/share/texlive/texmf-dist/tex/latex/base/omscmr.fd) [2]
(/usr/share/texlive/texmf-dist/tex/latex/cyrillic/t2acmtt.fd) [3]
(./EP.Statistics.PAV.aux) )
Output written on EP.Statistics.PAV.dvi (3 pages, 20340 bytes).
Transcript written on EP.Statistics.PAV.log.
Latexmk: Log file says output to 'EP.Statistics.PAV.dvi'
Latexmk: All targets (EP.Statistics.PAV.dvi) are up-to-date
